<?xml version="1.0" encoding="UTF-8"?>
<!-- Generated by org.testng.reporters.JUnitReportReporter -->
<testsuite hostname="LBEAL6i9LT19" name="test.com.itexps.CarTest" tests="1" failures="0" timestamp="8 Feb 2020 22:28:25 GMT" time="0.125" errors="0">
  <testcase name="testCar" time="0.125" classname="test.com.itexps.CarTest"/>
</testsuite> <!-- test.com.itexps.CarTest -->
